[    1.495276] Run /init as init process
BUSYBOX INITRAMFS LOG: 2024-07-13 06:44:18: ====== INITRAMFS PREPARING ======
BUSYBOX INITRAMFS LOG: 2024-07-13 06:44:18: Set PATH environment variable...
BUSYBOX INITRAMFS LOG: 2024-07-13 06:44:18: 1st pass mounting...
mount: mounting devpts on /dev/pts failed: No such file or directory
BUSYBOX INITRAMFS LOG: 2024-07-13 06:44:18: 2nd pass mounting...
BUSYBOX INITRAMFS LOG: 2024-07-13 06:44:18: Set up root user...
passwd: password for root changed by root
BUSYBOX INITRAMFS LOG: 2024-07-13 06:44:18: Passwordless root setup success.
BUSYBOX INITRAMFS LOG: 2024-07-13 06:44:18: ====== INITRAMFS READY ======
BUSYBOX INITRAMFS LOG: 2024-07-13 06:44:18: Init params:
BUSYBOX INITRAMFS LOG: 2024-07-13 06:44:18: Environment Variables:
export HOME='/'
export PATH='/bin:/usr/bin:/sbin:/usr/sbin'
export PWD='/'
export SHLVL='1'
export TERM='linux'
BUSYBOX INITRAMFS LOG: 2024-07-13 06:44:18: ====== LOOP /sbin/sulogin ======
BUSYBOX INITRAMFS LOG: 2024-07-13 06:44:18: In QEMU, exit through `reboot -f`
~ # [    2.030467] clocksource: tsc: mask: 0xffffffffffffffff max_cycles: 0x2b3e39bd40e, max_idle_ns: 440795214891 ns
[    2.031756] clocksource: Switched to clocksource tsc

~ # ls
~ # ls -lFh
total 0
~ # touch a
~ # ls
a
~ # cat a
~ # reboot -f
[   45.239376] reboot: Restarting system
[   45.239966] reboot: machine restart
